Using pre-set license
Built from '2021.3/staging' branch; Version is '2021.3.16f1 (4016570cf34f) revision 4200023'; Using compiler version '192829333'; Build Type 'Release'
OS: 'Windows 10  (10.0.19045) 64bit Professional' Language: 'en' Physical Memory: 16293 MB
BatchMode: 1, IsHumanControllingUs: 0, StartBugReporterOnCrash: 0, Is64bit: 1, IsPro: 1

COMMAND LINE ARGUMENTS:
C:\Program Files\Unity\Hub\Editor\2021.3.16f1\Editor\Unity.exe
-adb2
-batchMode
-noUpm
-name
AssetImportWorker0
-projectPath
C:/Users/14086/Unity/Rocket Boost
-logFile
Logs/AssetImportWorker0.log
-srvPort
63707
Successfully changed project path to: C:/Users/14086/Unity/Rocket Boost
C:/Users/14086/Unity/Rocket Boost
[UnityMemory] Configuration Parameters - Can be set up in boot.config
    "memorysetup-bucket-allocator-granularity=16"
    "memorysetup-bucket-allocator-bucket-count=8"
    "memorysetup-bucket-allocator-block-size=33554432"
    "memorysetup-bucket-allocator-block-count=8"
    "memorysetup-main-allocator-block-size=16777216"
    "memorysetup-thread-allocator-block-size=16777216"
    "memorysetup-gfx-main-allocator-block-size=16777216"
    "memorysetup-gfx-thread-allocator-block-size=16777216"
    "memorysetup-cache-allocator-block-size=4194304"
    "memorysetup-typetree-allocator-block-size=2097152"
    "memorysetup-profiler-bucket-allocator-granularity=16"
    "memorysetup-profiler-bucket-allocator-bucket-count=8"
    "memorysetup-profiler-bucket-allocator-block-size=33554432"
    "memorysetup-profiler-bucket-allocator-block-count=8"
    "memorysetup-profiler-allocator-block-size=16777216"
    "memorysetup-profiler-editor-allocator-block-size=1048576"
    "memorysetup-temp-allocator-size-main=16777216"
    "memorysetup-job-temp-allocator-block-size=2097152"
    "memorysetup-job-temp-allocator-block-size-background=1048576"
    "memorysetup-job-temp-allocator-reduction-small-platforms=262144"
    "memorysetup-temp-allocator-size-background-worker=32768"
    "memorysetup-temp-allocator-size-job-worker=262144"
    "memorysetup-temp-allocator-size-preload-manager=33554432"
    "memorysetup-temp-allocator-size-nav-mesh-worker=65536"
    "memorysetup-temp-allocator-size-audio-worker=65536"
    "memorysetup-temp-allocator-size-cloud-worker=32768"
    "memorysetup-temp-allocator-size-gi-baking-worker=262144"
    "memorysetup-temp-allocator-size-gfx=262144"
Player connection [25180] Host "[IP] 10.0.0.95 [Port] 0 [Flags] 2 [Guid] 2953358996 [EditorId] 2953358996 [Version] 1048832 [Id] WindowsEditor(7,DESKTOP-USHHB08) [Debug] 1 [PackageName] WindowsEditor [ProjectName] Editor" joined multi-casting on [225.0.0.222:54997]...

Player connection [25180] Host "[IP] 10.0.0.95 [Port] 0 [Flags] 2 [Guid] 2953358996 [EditorId] 2953358996 [Version] 1048832 [Id] WindowsEditor(7,DESKTOP-USHHB08) [Debug] 1 [PackageName] WindowsEditor [ProjectName] Editor" joined alternative multi-casting on [225.0.0.222:34997]...

Refreshing native plugins compatible for Editor in 75.25 ms, found 3 plugins.
Preloading 0 native plugins for Editor in 0.00 ms.
Initialize engine version: 2021.3.16f1 (4016570cf34f)
[Subsystems] Discovering subsystems at path C:/Program Files/Unity/Hub/Editor/2021.3.16f1/Editor/Data/Resources/UnitySubsystems
[Subsystems] Discovering subsystems at path C:/Users/14086/Unity/Rocket Boost/Assets
GfxDevice: creating device client; threaded=0; jobified=0
Direct3D:
    Version:  Direct3D 11.0 [level 11.1]
    Renderer: NVIDIA GeForce RTX 3080 (ID=0x2216)
    Vendor:   NVIDIA
    VRAM:     10078 MB
    Driver:   31.0.15.1694
Initialize mono
Mono path[0] = 'C:/Program Files/Unity/Hub/Editor/2021.3.16f1/Editor/Data/Managed'
Mono path[1] = 'C:/Program Files/Unity/Hub/Editor/2021.3.16f1/Editor/Data/MonoBleedingEdge/lib/mono/unityjit-win32'
Mono config path = 'C:/Program Files/Unity/Hub/Editor/2021.3.16f1/Editor/Data/MonoBleedingEdge/etc'
Using monoOptions --debugger-agent=transport=dt_socket,embedding=1,server=y,suspend=n,address=127.0.0.1:56484
Begin MonoManager ReloadAssembly
Registering precompiled unity dll's ...
Register platform support module: C:/Program Files/Unity/Hub/Editor/2021.3.16f1/Editor/Data/PlaybackEngines/WebGLSupport/UnityEditor.WebGL.Extensions.dll
Register platform support module: C:/Program Files/Unity/Hub/Editor/2021.3.16f1/Editor/Data/PlaybackEngines/WindowsStandaloneSupport/UnityEditor.WindowsStandalone.Extensions.dll
Registered in 0.008546 seconds.
Native extension for WindowsStandalone target not found
Native extension for WebGL target not found
Refreshing native plugins compatible for Editor in 82.64 ms, found 3 plugins.
Preloading 0 native plugins for Editor in 0.00 ms.
Mono: successfully reloaded assembly
- Completed reload, in  0.620 seconds
Domain Reload Profiling:
	ReloadAssembly (620ms)
		BeginReloadAssembly (72ms)
			ExecutionOrderSort (0ms)
			DisableScriptedObjects (0ms)
			BackupInstance (0ms)
			ReleaseScriptingObjects (0ms)
			CreateAndSetChildDomain (1ms)
		EndReloadAssembly (436ms)
			LoadAssemblies (70ms)
			RebuildTransferFunctionScriptingTraits (0ms)
			SetupTypeCache (95ms)
			ReleaseScriptCaches (0ms)
			RebuildScriptCaches (31ms)
			SetupLoadedEditorAssemblies (260ms)
				LogAssemblyErrors (0ms)
				InitializePlatformSupportModulesInManaged (9ms)
				SetLoadedEditorAssemblies (0ms)
				RefreshPlugins (83ms)
				BeforeProcessingInitializeOnLoad (1ms)
				ProcessInitializeOnLoadAttributes (124ms)
				ProcessInitializeOnLoadMethodAttributes (42ms)
				AfterProcessingInitializeOnLoad (0ms)
				EditorAssembliesLoaded (1ms)
			ExecutionOrderSort2 (0ms)
			AwakeInstancesAfterBackupRestoration (0ms)
Platform modules already initialized, skipping
Registering precompiled user dll's ...
Registered in 0.006553 seconds.
Begin MonoManager ReloadAssembly
Symbol file LoadedFromMemory doesn't match image C:\Users\14086\Unity\Rocket Boost\Library\PackageCache\com.unity.visualscripting@1.7.8\Editor\VisualScripting.Core\Dependencies\YamlDotNet\Unity.VisualScripting.YamlDotNet.dll
Symbol file LoadedFromMemory doesn't match image C:\Users\14086\Unity\Rocket Boost\Library\PackageCache\com.unity.visualscripting@1.7.8\Editor\VisualScripting.Core\Dependencies\DotNetZip\Unity.VisualScripting.IonicZip.dll
Native extension for WindowsStandalone target not found
Native extension for WebGL target not found
Refreshing native plugins compatible for Editor in 0.67 ms, found 3 plugins.
Preloading 0 native plugins for Editor in 0.00 ms.
Mono: successfully reloaded assembly
- Completed reload, in  0.948 seconds
Domain Reload Profiling:
	ReloadAssembly (948ms)
		BeginReloadAssembly (113ms)
			ExecutionOrderSort (0ms)
			DisableScriptedObjects (5ms)
			BackupInstance (0ms)
			ReleaseScriptingObjects (0ms)
			CreateAndSetChildDomain (20ms)
		EndReloadAssembly (724ms)
			LoadAssemblies (78ms)
			RebuildTransferFunctionScriptingTraits (0ms)
			SetupTypeCache (240ms)
			ReleaseScriptCaches (1ms)
			RebuildScriptCaches (49ms)
			SetupLoadedEditorAssemblies (323ms)
				LogAssemblyErrors (0ms)
				InitializePlatformSupportModulesInManaged (7ms)
				SetLoadedEditorAssemblies (0ms)
				RefreshPlugins (1ms)
				BeforeProcessingInitializeOnLoad (85ms)
				ProcessInitializeOnLoadAttributes (198ms)
				ProcessInitializeOnLoadMethodAttributes (23ms)
				AfterProcessingInitializeOnLoad (9ms)
				EditorAssembliesLoaded (0ms)
			ExecutionOrderSort2 (0ms)
			AwakeInstancesAfterBackupRestoration (5ms)
Platform modules already initialized, skipping
========================================================================
Worker process is ready to serve import requests
Launched and connected shader compiler UnityShaderCompiler.exe after 0.04 seconds
Refreshing native plugins compatible for Editor in 0.62 ms, found 3 plugins.
Preloading 0 native plugins for Editor in 0.00 ms.
Unloading 3361 Unused Serialized files (Serialized files now loaded: 0)
Unloading 27 unused Assets / (113.7 KB). Loaded Objects now: 3818.
Memory consumption went from 115.7 MB to 115.5 MB.
Total: 3.577300 ms (FindLiveObjects: 0.360600 ms CreateObjectMapping: 0.099400 ms MarkObjects: 2.961500 ms  DeleteObjects: 0.154300 ms)

AssetImportParameters requested are different than current active one (requested -> active):
  custom:video-decoder-ogg-theora: a1e56fd34408186e4bbccfd4996cb3dc -> 
  custom:container-muxer-webm: aa71ff27fc2769a1b78a27578f13a17b -> 
  custom:container-demuxer-webm: 4f35f7cbe854078d1ac9338744f61a02 -> 
  custom:video-encoder-webm-vp8: eb34c28f22e8b96e1ab97ce403110664 -> 
  custom:audio-encoder-webm-vorbis: bf7c407c2cedff20999df2af8eb42d56 -> 
  custom:framework-win-MediaFoundation: 216162199b28c13a410421893ffa2e32 -> 
  custom:container-demuxer-ogg: 62fdf1f143b41e24485cea50d1cbac27 -> 
  custom:video-decoder-webm-vp8: 9c59270c3fd7afecdb556c50c9e8de78 -> 
  custom:audio-decoder-ogg-vorbis: bf7c407c2cedff20999df2af8eb42d56 -> 
========================================================================
Received Import Request.
  Time since last request: 1705277.695168 seconds.
  path: Assets
  artifactKey: Guid(00000000000000001000000000000000) Importer(815301076,1909f56bfc062723c751e8b465ee728b)
Start importing Assets using Guid(00000000000000001000000000000000) Importer(815301076,1909f56bfc062723c751e8b465ee728b)  -> (artifact id: '79842766b460edbeab6a34051e857a80') in 0.011723 seconds 
========================================================================
Received Import Request.
  Time since last request: 5.869612 seconds.
  path: Assets/Ground.mat
  artifactKey: Guid(d5ac554444f05f34c969c004444c2ee5) Importer(815301076,1909f56bfc062723c751e8b465ee728b)
Start importing Assets/Ground.mat using Guid(d5ac554444f05f34c969c004444c2ee5) Importer(815301076,1909f56bfc062723c751e8b465ee728b)  -> (artifact id: 'a6712ecc73b5ac05bc0cf99d0d05db52') in 0.176874 seconds 
========================================================================
Received Import Request.
  Time since last request: 125.288673 seconds.
  path: Assets/Ground.mat
  artifactKey: Guid(d5ac554444f05f34c969c004444c2ee5) Importer(815301076,1909f56bfc062723c751e8b465ee728b)
Start importing Assets/Ground.mat using Guid(d5ac554444f05f34c969c004444c2ee5) Importer(815301076,1909f56bfc062723c751e8b465ee728b)  -> (artifact id: 'a26f7de5dc506aa92b05c218c9d064ef') in 0.010878 seconds 
========================================================================
Received Import Request.
  Time since last request: 91.121945 seconds.
  path: Assets/Materials
  artifactKey: Guid(b5adc0bb048a7e849a53d60648addb83) Importer(815301076,1909f56bfc062723c751e8b465ee728b)
Start importing Assets/Materials using Guid(b5adc0bb048a7e849a53d60648addb83) Importer(815301076,1909f56bfc062723c751e8b465ee728b)  -> (artifact id: 'f82315cef8199e0e468c8519f489dd2e') in 0.006007 seconds 
========================================================================
Received Import Request.
  Time since last request: 11.125630 seconds.
  path: Assets/Materials/Rocket.mat
  artifactKey: Guid(0f1e2c5713e794d45a1ecc77cd21db0f) Importer(815301076,1909f56bfc062723c751e8b465ee728b)
Start importing Assets/Materials/Rocket.mat using Guid(0f1e2c5713e794d45a1ecc77cd21db0f) Importer(815301076,1909f56bfc062723c751e8b465ee728b)  -> (artifact id: 'ad6222763611eac690426804e6a4991a') in 0.015822 seconds 
========================================================================
Received Import Request.
  Time since last request: 20.956507 seconds.
  path: Assets/Materials/LaunchLand Pad.mat
  artifactKey: Guid(3eea423db168b884ab83441ef8f99a22) Importer(815301076,1909f56bfc062723c751e8b465ee728b)
Start importing Assets/Materials/LaunchLand Pad.mat using Guid(3eea423db168b884ab83441ef8f99a22) Importer(815301076,1909f56bfc062723c751e8b465ee728b)  -> (artifact id: '1c1837d000f1aabc27882ba720bb7582') in 0.014681 seconds 
========================================================================
Received Import Request.
  Time since last request: 112.782179 seconds.
  path: Assets/Ground.prefab
  artifactKey: Guid(c60184e918efc4f4991ab5297db1adce) Importer(815301076,1909f56bfc062723c751e8b465ee728b)
Start importing Assets/Ground.prefab using Guid(c60184e918efc4f4991ab5297db1adce) Importer(815301076,1909f56bfc062723c751e8b465ee728b)  -> (artifact id: '2ba2c29eaf30b557cb14f4a9a7999b6f') in 0.022910 seconds 
========================================================================
Received Import Request.
  Time since last request: 4.400276 seconds.
  path: Assets/Launch Pad.prefab
  artifactKey: Guid(7c770ce43720d9540aa36cda58146642) Importer(815301076,1909f56bfc062723c751e8b465ee728b)
Start importing Assets/Launch Pad.prefab using Guid(7c770ce43720d9540aa36cda58146642) Importer(815301076,1909f56bfc062723c751e8b465ee728b)  -> (artifact id: '8b08f314806ad2c0fe721315d5ceda40') in 0.011241 seconds 
========================================================================
Received Import Request.
  Time since last request: 36.925334 seconds.
  path: Assets/Materials/Landing Pad.mat
  artifactKey: Guid(3eea423db168b884ab83441ef8f99a22) Importer(815301076,1909f56bfc062723c751e8b465ee728b)
Start importing Assets/Materials/Landing Pad.mat using Guid(3eea423db168b884ab83441ef8f99a22) Importer(815301076,1909f56bfc062723c751e8b465ee728b)  -> (artifact id: '5a8dd4f59e14edc3918f1766c2fdf6fd') in 0.012164 seconds 
========================================================================
Received Import Request.
  Time since last request: 6.252896 seconds.
  path: Assets/Materials/Launch Pad.mat
  artifactKey: Guid(0cdbc8961c22f714685d06bb254d40bd) Importer(815301076,1909f56bfc062723c751e8b465ee728b)
Start importing Assets/Materials/Launch Pad.mat using Guid(0cdbc8961c22f714685d06bb254d40bd) Importer(815301076,1909f56bfc062723c751e8b465ee728b)  -> (artifact id: '6bfe3024b9f5945f7791341752357a05') in 0.011925 seconds 
========================================================================
Received Import Request.
  Time since last request: 15.941278 seconds.
  path: Assets/Materials/Landing Pad 1.mat
  artifactKey: Guid(01455486d2f3c624ca96e0143b3c7abb) Importer(815301076,1909f56bfc062723c751e8b465ee728b)
Start importing Assets/Materials/Landing Pad 1.mat using Guid(01455486d2f3c624ca96e0143b3c7abb) Importer(815301076,1909f56bfc062723c751e8b465ee728b)  -> (artifact id: 'b8f428ac3170f7ded97e483dcd6271c3') in 0.019279 seconds 
========================================================================
Received Import Request.
  Time since last request: 5.114508 seconds.
  path: Assets/Materials/Launch Pad.mat
  artifactKey: Guid(01455486d2f3c624ca96e0143b3c7abb) Importer(815301076,1909f56bfc062723c751e8b465ee728b)
Start importing Assets/Materials/Launch Pad.mat using Guid(01455486d2f3c624ca96e0143b3c7abb) Importer(815301076,1909f56bfc062723c751e8b465ee728b)  -> (artifact id: 'db43c1caf1557f2e55e737fba3488a3c') in 0.012329 seconds 
========================================================================
Received Import Request.
  Time since last request: 79.716213 seconds.
  path: Assets/Materials/Rocket.prefab
  artifactKey: Guid(b6a3b665acd5b2f46aebc5ed7c41d058) Importer(815301076,1909f56bfc062723c751e8b465ee728b)
Start importing Assets/Materials/Rocket.prefab using Guid(b6a3b665acd5b2f46aebc5ed7c41d058) Importer(815301076,1909f56bfc062723c751e8b465ee728b)  -> (artifact id: 'b95979302c3a0a6e985ffeef2fed1943') in 0.012389 seconds 
========================================================================
Received Import Request.
  Time since last request: 7.892698 seconds.
  path: Assets/Launch Pad.prefab
  artifactKey: Guid(7c770ce43720d9540aa36cda58146642) Importer(815301076,1909f56bfc062723c751e8b465ee728b)
Start importing Assets/Launch Pad.prefab using Guid(7c770ce43720d9540aa36cda58146642) Importer(815301076,1909f56bfc062723c751e8b465ee728b)  -> (artifact id: '4027a129021fcacf5c572e51ca398cbc') in 0.009515 seconds 
========================================================================
Received Import Request.
  Time since last request: 2.198393 seconds.
  path: Assets/Rocket.prefab
  artifactKey: Guid(b6395910c09bacc4dbc176fcb2749fef) Importer(815301076,1909f56bfc062723c751e8b465ee728b)
Start importing Assets/Rocket.prefab using Guid(b6395910c09bacc4dbc176fcb2749fef) Importer(815301076,1909f56bfc062723c751e8b465ee728b)  -> (artifact id: '6b0e67d1227e44c8cf5739988040fd51') in 0.010509 seconds 
========================================================================
Received Import Request.
  Time since last request: 13.482195 seconds.
  path: Assets/Launch Pad.prefab
  artifactKey: Guid(7c770ce43720d9540aa36cda58146642) Importer(815301076,1909f56bfc062723c751e8b465ee728b)
Start importing Assets/Launch Pad.prefab using Guid(7c770ce43720d9540aa36cda58146642) Importer(815301076,1909f56bfc062723c751e8b465ee728b)  -> (artifact id: '520b8ba24db7ad9e23388253a62a2faa') in 0.013368 seconds 
========================================================================
Received Import Request.
  Time since last request: 14.355604 seconds.
  path: Assets/Scenes/SampleScene.unity
  artifactKey: Guid(9fc0d4010bbf28b4594072e72b8655ab) Importer(815301076,1909f56bfc062723c751e8b465ee728b)
Start importing Assets/Scenes/SampleScene.unity using Guid(9fc0d4010bbf28b4594072e72b8655ab) Importer(815301076,1909f56bfc062723c751e8b465ee728b)  -> (artifact id: '8a28365758e4e68524ba96e1ef9327d0') in 0.007784 seconds 
========================================================================
Received Import Request.
  Time since last request: 8.014834 seconds.
  path: Assets/Scenes/Sandbox.unity
  artifactKey: Guid(9fc0d4010bbf28b4594072e72b8655ab) Importer(815301076,1909f56bfc062723c751e8b465ee728b)
Start importing Assets/Scenes/Sandbox.unity using Guid(9fc0d4010bbf28b4594072e72b8655ab) Importer(815301076,1909f56bfc062723c751e8b465ee728b)  -> (artifact id: 'f564f5a48af40de7d138fdfb91d98d9d') in 0.006315 seconds 
========================================================================
Received Import Request.
  Time since last request: 54.829486 seconds.
  path: Assets/Materials/Landing Pad.mat
  artifactKey: Guid(3eea423db168b884ab83441ef8f99a22) Importer(815301076,1909f56bfc062723c751e8b465ee728b)
Start importing Assets/Materials/Landing Pad.mat using Guid(3eea423db168b884ab83441ef8f99a22) Importer(815301076,1909f56bfc062723c751e8b465ee728b)  -> (artifact id: 'dcc4357b5298caddab647b6347a7b969') in 0.014737 seconds 
========================================================================
Received Import Request.
  Time since last request: 4.998594 seconds.
  path: Assets/Movement.cs
  artifactKey: Guid(4408306f86ce63744a26a67495f9bb58) Importer(815301076,1909f56bfc062723c751e8b465ee728b)
Start importing Assets/Movement.cs using Guid(4408306f86ce63744a26a67495f9bb58) Importer(815301076,1909f56bfc062723c751e8b465ee728b)  -> (artifact id: '5b4917aa19ab259c2d17acfa33f77a8f') in 0.007627 seconds 
========================================================================
Received Prepare
Registering precompiled user dll's ...
Registered in 0.005533 seconds.
Begin MonoManager ReloadAssembly
Symbol file LoadedFromMemory doesn't match image C:\Users\14086\Unity\Rocket Boost\Library\PackageCache\com.unity.visualscripting@1.7.8\Editor\VisualScripting.Core\Dependencies\YamlDotNet\Unity.VisualScripting.YamlDotNet.dll
Symbol file LoadedFromMemory doesn't match image C:\Users\14086\Unity\Rocket Boost\Library\PackageCache\com.unity.visualscripting@1.7.8\Editor\VisualScripting.Core\Dependencies\DotNetZip\Unity.VisualScripting.IonicZip.dll
Native extension for WindowsStandalone target not found
Native extension for WebGL target not found
Refreshing native plugins compatible for Editor in 0.75 ms, found 3 plugins.
Preloading 0 native plugins for Editor in 0.00 ms.
Mono: successfully reloaded assembly
- Completed reload, in  1.001 seconds
Domain Reload Profiling:
	ReloadAssembly (1002ms)
		BeginReloadAssembly (139ms)
			ExecutionOrderSort (0ms)
			DisableScriptedObjects (4ms)
			BackupInstance (0ms)
			ReleaseScriptingObjects (0ms)
			CreateAndSetChildDomain (39ms)
		EndReloadAssembly (760ms)
			LoadAssemblies (90ms)
			RebuildTransferFunctionScriptingTraits (0ms)
			SetupTypeCache (261ms)
			ReleaseScriptCaches (1ms)
			RebuildScriptCaches (50ms)
			SetupLoadedEditorAssemblies (322ms)
				LogAssemblyErrors (0ms)
				InitializePlatformSupportModulesInManaged (13ms)
				SetLoadedEditorAssemblies (0ms)
				RefreshPlugins (1ms)
				BeforeProcessingInitializeOnLoad (79ms)
				ProcessInitializeOnLoadAttributes (193ms)
				ProcessInitializeOnLoadMethodAttributes (24ms)
				AfterProcessingInitializeOnLoad (12ms)
				EditorAssembliesLoaded (0ms)
			ExecutionOrderSort2 (0ms)
			AwakeInstancesAfterBackupRestoration (7ms)
Platform modules already initialized, skipping
Refreshing native plugins compatible for Editor in 2.03 ms, found 3 plugins.
Preloading 0 native plugins for Editor in 0.00 ms.
Unloading 3357 Unused Serialized files (Serialized files now loaded: 0)
Unloading 20 unused Assets / (80.3 KB). Loaded Objects now: 3865.
Memory consumption went from 120.3 MB to 120.2 MB.
Total: 2.894200 ms (FindLiveObjects: 0.358100 ms CreateObjectMapping: 0.078600 ms MarkObjects: 2.363800 ms  DeleteObjects: 0.092900 ms)

AssetImportParameters requested are different than current active one (requested -> active):
  custom:video-decoder-ogg-theora: a1e56fd34408186e4bbccfd4996cb3dc -> 
  custom:container-muxer-webm: aa71ff27fc2769a1b78a27578f13a17b -> 
  custom:container-demuxer-webm: 4f35f7cbe854078d1ac9338744f61a02 -> 
  custom:video-encoder-webm-vp8: eb34c28f22e8b96e1ab97ce403110664 -> 
  custom:audio-encoder-webm-vorbis: bf7c407c2cedff20999df2af8eb42d56 -> 
  custom:framework-win-MediaFoundation: 216162199b28c13a410421893ffa2e32 -> 
  custom:container-demuxer-ogg: 62fdf1f143b41e24485cea50d1cbac27 -> 
  custom:video-decoder-webm-vp8: 9c59270c3fd7afecdb556c50c9e8de78 -> 
  custom:audio-decoder-ogg-vorbis: bf7c407c2cedff20999df2af8eb42d56 -> 
========================================================================
Received Import Request.
  Time since last request: 476.905836 seconds.
  path: Assets/Prefabs
  artifactKey: Guid(14c99ce347f771a4890349086a14af11) Importer(815301076,1909f56bfc062723c751e8b465ee728b)
Start importing Assets/Prefabs using Guid(14c99ce347f771a4890349086a14af11) Importer(815301076,1909f56bfc062723c751e8b465ee728b)  -> (artifact id: '53376dfcfa3c2e3988d58dbd1cd09252') in 0.012300 seconds 
========================================================================
Received Import Request.
  Time since last request: 12.950159 seconds.
  path: Assets/Scripts
  artifactKey: Guid(5a94a5ac9fa4e574caae2beea601b358) Importer(815301076,1909f56bfc062723c751e8b465ee728b)
Start importing Assets/Scripts using Guid(5a94a5ac9fa4e574caae2beea601b358) Importer(815301076,1909f56bfc062723c751e8b465ee728b)  -> (artifact id: '0c26c5c577df9a9c967d6201b41b2af8') in 0.006448 seconds 
========================================================================
Received Prepare
Registering precompiled user dll's ...
Registered in 0.005902 seconds.
Begin MonoManager ReloadAssembly
Symbol file LoadedFromMemory doesn't match image C:\Users\14086\Unity\Rocket Boost\Library\PackageCache\com.unity.visualscripting@1.7.8\Editor\VisualScripting.Core\Dependencies\YamlDotNet\Unity.VisualScripting.YamlDotNet.dll
Symbol file LoadedFromMemory doesn't match image C:\Users\14086\Unity\Rocket Boost\Library\PackageCache\com.unity.visualscripting@1.7.8\Editor\VisualScripting.Core\Dependencies\DotNetZip\Unity.VisualScripting.IonicZip.dll
Native extension for WindowsStandalone target not found
Native extension for WebGL target not found
Refreshing native plugins compatible for Editor in 0.69 ms, found 3 plugins.
Preloading 0 native plugins for Editor in 0.00 ms.
Mono: successfully reloaded assembly
- Completed reload, in  0.911 seconds
Domain Reload Profiling:
	ReloadAssembly (912ms)
		BeginReloadAssembly (133ms)
			ExecutionOrderSort (0ms)
			DisableScriptedObjects (5ms)
			BackupInstance (0ms)
			ReleaseScriptingObjects (0ms)
			CreateAndSetChildDomain (37ms)
		EndReloadAssembly (683ms)
			LoadAssemblies (86ms)
			RebuildTransferFunctionScriptingTraits (0ms)
			SetupTypeCache (247ms)
			ReleaseScriptCaches (1ms)
			RebuildScriptCaches (34ms)
			SetupLoadedEditorAssemblies (283ms)
				LogAssemblyErrors (0ms)
				InitializePlatformSupportModulesInManaged (12ms)
				SetLoadedEditorAssemblies (0ms)
				RefreshPlugins (1ms)
				BeforeProcessingInitializeOnLoad (62ms)
				ProcessInitializeOnLoadAttributes (176ms)
				ProcessInitializeOnLoadMethodAttributes (20ms)
				AfterProcessingInitializeOnLoad (10ms)
				EditorAssembliesLoaded (0ms)
			ExecutionOrderSort2 (0ms)
			AwakeInstancesAfterBackupRestoration (6ms)
Platform modules already initialized, skipping
Refreshing native plugins compatible for Editor in 2.21 ms, found 3 plugins.
Preloading 0 native plugins for Editor in 0.00 ms.
Unloading 3357 Unused Serialized files (Serialized files now loaded: 0)
Unloading 20 unused Assets / (80.2 KB). Loaded Objects now: 3868.
Memory consumption went from 120.3 MB to 120.2 MB.
Total: 3.154000 ms (FindLiveObjects: 0.311200 ms CreateObjectMapping: 0.078200 ms MarkObjects: 2.644000 ms  DeleteObjects: 0.119000 ms)

AssetImportParameters requested are different than current active one (requested -> active):
  custom:video-decoder-ogg-theora: a1e56fd34408186e4bbccfd4996cb3dc -> 
  custom:container-muxer-webm: aa71ff27fc2769a1b78a27578f13a17b -> 
  custom:container-demuxer-webm: 4f35f7cbe854078d1ac9338744f61a02 -> 
  custom:video-encoder-webm-vp8: eb34c28f22e8b96e1ab97ce403110664 -> 
  custom:audio-encoder-webm-vorbis: bf7c407c2cedff20999df2af8eb42d56 -> 
  custom:framework-win-MediaFoundation: 216162199b28c13a410421893ffa2e32 -> 
  custom:container-demuxer-ogg: 62fdf1f143b41e24485cea50d1cbac27 -> 
  custom:video-decoder-webm-vp8: 9c59270c3fd7afecdb556c50c9e8de78 -> 
  custom:audio-decoder-ogg-vorbis: bf7c407c2cedff20999df2af8eb42d56 -> 
========================================================================
Received Import Request.
  Time since last request: 137.996594 seconds.
  path: Assets/Scripts/Movement.cs
  artifactKey: Guid(4408306f86ce63744a26a67495f9bb58) Importer(815301076,1909f56bfc062723c751e8b465ee728b)
Start importing Assets/Scripts/Movement.cs using Guid(4408306f86ce63744a26a67495f9bb58) Importer(815301076,1909f56bfc062723c751e8b465ee728b)  -> (artifact id: 'a5ee45b05544fd772a7bd0f74cb0562e') in 0.008258 seconds 
